[debug] [2025-12-18T12:05:27.612Z] ----------------------------------------------------------------------
[debug] [2025-12-18T12:05:27.615Z] Command:       C:\Program Files\nodejs\node.exe C:\Users\patri\AppData\Roaming\npm\node_modules\firebase-tools\lib\bin\firebase.js init apphosting
[debug] [2025-12-18T12:05:27.616Z] CLI Version:   15.0.0
[debug] [2025-12-18T12:05:27.616Z] Platform:      win32
[debug] [2025-12-18T12:05:27.616Z] Node Version:  v22.19.0
[debug] [2025-12-18T12:05:27.616Z] Time:          Thu Dec 18 2025 20:05:27 GMT+0800 (Singapore Standard Time)
[debug] [2025-12-18T12:05:27.616Z] ----------------------------------------------------------------------
[debug] 
[info] 
     ######## #### ########  ######## ########     ###     ######  ########
     ##        ##  ##     ## ##       ##     ##  ##   ##  ##       ##
     ######    ##  ########  ######   ########  #########  ######  ######
     ##        ##  ##    ##  ##       ##     ## ##     ##       ## ##
     ##       #### ##     ## ######## ########  ##     ##  ######  ########

You're about to initialize a Firebase project in this directory:

  D:\git test\git test 2

[info] 
=== Project Setup
[info] 
[info] First, let's associate this project directory with a Firebase project.
[info] You can create multiple project aliases by running firebase use --add, 
[info] 
[debug] [2025-12-18T12:05:38.222Z] > command requires scopes: ["email","openid","https://www.googleapis.com/auth/cloudplatformprojects.readonly","https://www.googleapis.com/auth/firebase","https://www.googleapis.com/auth/cloud-platform"]
[debug] [2025-12-18T12:05:38.223Z] > authorizing via signed-in user (trexbina3@gmail.com)
[debug] [2025-12-18T12:05:38.225Z] Checked if tokens are valid: false, expires at: 1766053782174
[debug] [2025-12-18T12:05:38.225Z] Checked if tokens are valid: false, expires at: 1766053782174
[debug] [2025-12-18T12:05:38.225Z] > refreshing access token with scopes: []
[debug] [2025-12-18T12:05:38.228Z] >>> [apiv2][query] POST https://www.googleapis.com/oauth2/v3/token [none]
[debug] [2025-12-18T12:05:38.228Z] >>> [apiv2][body] POST https://www.googleapis.com/oauth2/v3/token [omitted]
[debug] [2025-12-18T12:05:38.521Z] <<< [apiv2][status] POST https://www.googleapis.com/oauth2/v3/token 200
[debug] [2025-12-18T12:05:38.521Z] <<< [apiv2][body] POST https://www.googleapis.com/oauth2/v3/token [omitted]
[debug] [2025-12-18T12:05:38.537Z] >>> [apiv2][query] GET https://firebase.googleapis.com/v1beta1/projects pageSize=100
[debug] [2025-12-18T12:05:39.202Z] <<< [apiv2][status] GET https://firebase.googleapis.com/v1beta1/projects 200
[debug] [2025-12-18T12:05:39.202Z] <<< [apiv2][body] GET https://firebase.googleapis.com/v1beta1/projects [omitted]
[info] 
=== App Hosting Setup
[debug] [2025-12-18T12:05:55.463Z] Checked if tokens are valid: true, expires at: 1766063137521
[debug] [2025-12-18T12:05:55.463Z] Checked if tokens are valid: true, expires at: 1766063137521
[debug] [2025-12-18T12:05:55.464Z] >>> [apiv2][query] GET https://cloudbilling.googleapis.com/v1/projects/trexbina-server/billingInfo [none]
[debug] [2025-12-18T12:05:56.023Z] <<< [apiv2][status] GET https://cloudbilling.googleapis.com/v1/projects/trexbina-server/billingInfo 200
[debug] [2025-12-18T12:05:56.024Z] <<< [apiv2][body] GET https://cloudbilling.googleapis.com/v1/projects/trexbina-server/billingInfo {"name":"projects/trexbina-server/billingInfo","projectId":"trexbina-server","billingAccountName":"billingAccounts/010E9B-2CFF75-80A6A5","billingEnabled":true}
[debug] [2025-12-18T12:05:56.026Z] Checked if tokens are valid: true, expires at: 1766063137521
[debug] [2025-12-18T12:05:56.027Z] Checked if tokens are valid: true, expires at: 1766063137521
[debug] [2025-12-18T12:05:56.027Z] >>> [apiv2][query] POST https://iam.googleapis.com/v1/projects/trexbina-server/serviceAccounts/firebase-app-hosting-compute@trexbina-server.iam.gserviceaccount.com:testIamPermissions [none]
[debug] [2025-12-18T12:05:56.027Z] >>> [apiv2][(partial)header] POST https://iam.googleapis.com/v1/projects/trexbina-server/serviceAccounts/firebase-app-hosting-compute@trexbina-server.iam.gserviceaccount.com:testIamPermissions x-goog-quota-user=projects/trexbina-server
[debug] [2025-12-18T12:05:56.027Z] >>> [apiv2][body] POST https://iam.googleapis.com/v1/projects/trexbina-server/serviceAccounts/firebase-app-hosting-compute@trexbina-server.iam.gserviceaccount.com:testIamPermissions {"permissions":["iam.serviceAccounts.actAs"]}
[debug] [2025-12-18T12:05:57.193Z] <<< [apiv2][status] POST https://iam.googleapis.com/v1/projects/trexbina-server/serviceAccounts/firebase-app-hosting-compute@trexbina-server.iam.gserviceaccount.com:testIamPermissions 200
[debug] [2025-12-18T12:05:57.194Z] <<< [apiv2][body] POST https://iam.googleapis.com/v1/projects/trexbina-server/serviceAccounts/firebase-app-hosting-compute@trexbina-server.iam.gserviceaccount.com:testIamPermissions {"permissions":["iam.serviceAccounts.actAs"]}
[debug] [2025-12-18T12:05:57.194Z] Checked if tokens are valid: true, expires at: 1766063137521
[debug] [2025-12-18T12:05:57.194Z] Checked if tokens are valid: true, expires at: 1766063137521
[debug] [2025-12-18T12:05:57.194Z] >>> [apiv2][query] POST https://iam.googleapis.com/v1/projects/trexbina-server/serviceAccounts [none]
[debug] [2025-12-18T12:05:57.194Z] >>> [apiv2][body] POST https://iam.googleapis.com/v1/projects/trexbina-server/serviceAccounts {"accountId":"firebase-app-hosting-compute","serviceAccount":{"displayName":"Firebase App Hosting compute service account","description":"Default service account used to run builds and deploys for Firebase App Hosting"}}
[debug] [2025-12-18T12:05:57.568Z] <<< [apiv2][status] POST https://iam.googleapis.com/v1/projects/trexbina-server/serviceAccounts 409
[debug] [2025-12-18T12:05:57.568Z] <<< [apiv2][body] POST https://iam.googleapis.com/v1/projects/trexbina-server/serviceAccounts [omitted]
[debug] [2025-12-18T12:05:57.569Z] Checked if tokens are valid: true, expires at: 1766063137521
[debug] [2025-12-18T12:05:57.569Z] Checked if tokens are valid: true, expires at: 1766063137521
[debug] [2025-12-18T12:05:57.569Z] >>> [apiv2][query] POST https://cloudresourcemanager.googleapis.com/v1/projects/trexbina-server:getIamPolicy [none]
[debug] [2025-12-18T12:05:58.809Z] <<< [apiv2][status] POST https://cloudresourcemanager.googleapis.com/v1/projects/trexbina-server:getIamPolicy 200
[debug] [2025-12-18T12:05:58.809Z] <<< [apiv2][body] POST https://cloudresourcemanager.googleapis.com/v1/projects/trexbina-server:getIamPolicy {"version":1,"etag":"BwZGOG+ly7o=","bindings":[{"role":"roles/artifactregistry.serviceAgent","members":["serviceAccount:service-209910525004@gcp-sa-artifactregistry.iam.gserviceaccount.com"]},{"role":"roles/cloudbuild.builds.builder","members":["serviceAccount:209910525004@cloudbuild.gserviceaccount.com"]},{"role":"roles/cloudbuild.serviceAgent","members":["serviceAccount:service-209910525004@gcp-sa-cloudbuild.iam.gserviceaccount.com"]},{"role":"roles/containerregistry.ServiceAgent","members":["serviceAccount:service-209910525004@containerregistry.iam.gserviceaccount.com"]},{"role":"roles/developerconnect.readTokenAccessor","members":["serviceAccount:firebase-app-hosting-compute@trexbina-server.iam.gserviceaccount.com"]},{"role":"roles/developerconnect.serviceAgent","members":["serviceAccount:service-209910525004@gcp-sa-devconnect.iam.gserviceaccount.com"]},{"role":"roles/editor","members":["serviceAccount:209910525004-compute@developer.gserviceaccount.com"]},{"role":"roles/firebase.managementServiceAgent","members":["serviceAccount:service-209910525004@gcp-sa-firebase.iam.gserviceaccount.com"]},{"role":"roles/firebase.sdkAdminServiceAgent","members":["serviceAccount:firebase-adminsdk-fbsvc@trexbina-server.iam.gserviceaccount.com","serviceAccount:firebase-app-hosting-compute@trexbina-server.iam.gserviceaccount.com"]},{"role":"roles/firebaseapphosting.computeRunner","members":["serviceAccount:firebase-app-hosting-compute@trexbina-server.iam.gserviceaccount.com"]},{"role":"roles/firebaseapphosting.serviceAgent","members":["serviceAccount:service-209910525004@gcp-sa-firebaseapphosting.iam.gserviceaccount.com"]},{"role":"roles/iam.serviceAccountTokenCreator","members":["serviceAccount:firebase-adminsdk-fbsvc@trexbina-server.iam.gserviceaccount.com"]},{"role":"roles/owner","members":["user:trexbina3@gmail.com"]},{"role":"roles/run.serviceAgent","members":["serviceAccount:service-209910525004@serverless-robot-prod.iam.gserviceaccount.com"]},{"role":"roles/secretmanager.admin_withcond_bc33aae93d784eb71d26","members":["serviceAccount:service-209910525004@gcp-sa-devconnect.iam.gserviceaccount.com"]},{"role":"roles/storage.objectViewer","members":["serviceAccount:firebase-app-hosting-compute@trexbina-server.iam.gserviceaccount.com"]}]}
[debug] [2025-12-18T12:05:58.810Z] Checked if tokens are valid: true, expires at: 1766063137521
[debug] [2025-12-18T12:05:58.810Z] Checked if tokens are valid: true, expires at: 1766063137521
[debug] [2025-12-18T12:05:58.810Z] >>> [apiv2][query] POST https://cloudresourcemanager.googleapis.com/v1/projects/trexbina-server:setIamPolicy [none]
[debug] [2025-12-18T12:05:58.810Z] >>> [apiv2][body] POST https://cloudresourcemanager.googleapis.com/v1/projects/trexbina-server:setIamPolicy {"policy":{"version":1,"etag":"BwZGOG+ly7o=","bindings":[{"role":"roles/artifactregistry.serviceAgent","members":["serviceAccount:service-209910525004@gcp-sa-artifactregistry.iam.gserviceaccount.com"]},{"role":"roles/cloudbuild.builds.builder","members":["serviceAccount:209910525004@cloudbuild.gserviceaccount.com"]},{"role":"roles/cloudbuild.serviceAgent","members":["serviceAccount:service-209910525004@gcp-sa-cloudbuild.iam.gserviceaccount.com"]},{"role":"roles/containerregistry.ServiceAgent","members":["serviceAccount:service-209910525004@containerregistry.iam.gserviceaccount.com"]},{"role":"roles/developerconnect.readTokenAccessor","members":["serviceAccount:firebase-app-hosting-compute@trexbina-server.iam.gserviceaccount.com"]},{"role":"roles/developerconnect.serviceAgent","members":["serviceAccount:service-209910525004@gcp-sa-devconnect.iam.gserviceaccount.com"]},{"role":"roles/editor","members":["serviceAccount:209910525004-compute@developer.gserviceaccount.com"]},{"role":"roles/firebase.managementServiceAgent","members":["serviceAccount:service-209910525004@gcp-sa-firebase.iam.gserviceaccount.com"]},{"role":"roles/firebase.sdkAdminServiceAgent","members":["serviceAccount:firebase-adminsdk-fbsvc@trexbina-server.iam.gserviceaccount.com","serviceAccount:firebase-app-hosting-compute@trexbina-server.iam.gserviceaccount.com"]},{"role":"roles/firebaseapphosting.computeRunner","members":["serviceAccount:firebase-app-hosting-compute@trexbina-server.iam.gserviceaccount.com"]},{"role":"roles/firebaseapphosting.serviceAgent","members":["serviceAccount:service-209910525004@gcp-sa-firebaseapphosting.iam.gserviceaccount.com"]},{"role":"roles/iam.serviceAccountTokenCreator","members":["serviceAccount:firebase-adminsdk-fbsvc@trexbina-server.iam.gserviceaccount.com"]},{"role":"roles/owner","members":["user:trexbina3@gmail.com"]},{"role":"roles/run.serviceAgent","members":["serviceAccount:service-209910525004@serverless-robot-prod.iam.gserviceaccount.com"]},{"role":"roles/secretmanager.admin_withcond_bc33aae93d784eb71d26","members":["serviceAccount:service-209910525004@gcp-sa-devconnect.iam.gserviceaccount.com"]},{"role":"roles/storage.objectViewer","members":["serviceAccount:firebase-app-hosting-compute@trexbina-server.iam.gserviceaccount.com"]}]},"updateMask":"bindings"}
[debug] [2025-12-18T12:05:59.693Z] <<< [apiv2][status] POST https://cloudresourcemanager.googleapis.com/v1/projects/trexbina-server:setIamPolicy 200
[debug] [2025-12-18T12:05:59.694Z] <<< [apiv2][body] POST https://cloudresourcemanager.googleapis.com/v1/projects/trexbina-server:setIamPolicy {"version":1,"etag":"BwZGOMkGdio=","bindings":[{"role":"roles/artifactregistry.serviceAgent","members":["serviceAccount:service-209910525004@gcp-sa-artifactregistry.iam.gserviceaccount.com"]},{"role":"roles/cloudbuild.builds.builder","members":["serviceAccount:209910525004@cloudbuild.gserviceaccount.com"]},{"role":"roles/cloudbuild.serviceAgent","members":["serviceAccount:service-209910525004@gcp-sa-cloudbuild.iam.gserviceaccount.com"]},{"role":"roles/containerregistry.ServiceAgent","members":["serviceAccount:service-209910525004@containerregistry.iam.gserviceaccount.com"]},{"role":"roles/developerconnect.readTokenAccessor","members":["serviceAccount:firebase-app-hosting-compute@trexbina-server.iam.gserviceaccount.com"]},{"role":"roles/developerconnect.serviceAgent","members":["serviceAccount:service-209910525004@gcp-sa-devconnect.iam.gserviceaccount.com"]},{"role":"roles/editor","members":["serviceAccount:209910525004-compute@developer.gserviceaccount.com"]},{"role":"roles/firebase.managementServiceAgent","members":["serviceAccount:service-209910525004@gcp-sa-firebase.iam.gserviceaccount.com"]},{"role":"roles/firebase.sdkAdminServiceAgent","members":["serviceAccount:firebase-adminsdk-fbsvc@trexbina-server.iam.gserviceaccount.com","serviceAccount:firebase-app-hosting-compute@trexbina-server.iam.gserviceaccount.com"]},{"role":"roles/firebaseapphosting.computeRunner","members":["serviceAccount:firebase-app-hosting-compute@trexbina-server.iam.gserviceaccount.com"]},{"role":"roles/firebaseapphosting.serviceAgent","members":["serviceAccount:service-209910525004@gcp-sa-firebaseapphosting.iam.gserviceaccount.com"]},{"role":"roles/iam.serviceAccountTokenCreator","members":["serviceAccount:firebase-adminsdk-fbsvc@trexbina-server.iam.gserviceaccount.com"]},{"role":"roles/owner","members":["user:trexbina3@gmail.com"]},{"role":"roles/run.serviceAgent","members":["serviceAccount:service-209910525004@serverless-robot-prod.iam.gserviceaccount.com"]},{"role":"roles/secretmanager.admin_withcond_bc33aae93d784eb71d26","members":["serviceAccount:service-209910525004@gcp-sa-devconnect.iam.gserviceaccount.com"]},{"role":"roles/storage.objectViewer","members":["serviceAccount:firebase-app-hosting-compute@trexbina-server.iam.gserviceaccount.com"]}]}
[info] i  This command links your local project to Firebase App Hosting. You will be able to deploy your web app with `firebase deploy` after setup. 
[debug] [2025-12-18T12:07:09.817Z] Checked if tokens are valid: true, expires at: 1766063137521
[debug] [2025-12-18T12:07:09.818Z] Checked if tokens are valid: true, expires at: 1766063137521
[debug] [2025-12-18T12:07:09.818Z] >>> [apiv2][query] GET https://firebaseapphosting.googleapis.com/v1beta/projects/trexbina-server/locations/-/backends 
[debug] [2025-12-18T12:07:11.269Z] <<< [apiv2][status] GET https://firebaseapphosting.googleapis.com/v1beta/projects/trexbina-server/locations/-/backends 200
[debug] [2025-12-18T12:07:11.269Z] <<< [apiv2][body] GET https://firebaseapphosting.googleapis.com/v1beta/projects/trexbina-server/locations/-/backends {"backends":[{"name":"projects/trexbina-server/locations/asia-southeast1/backends/firebase-fullserver","createTime":"2025-12-18T10:11:09.916139055Z","updateTime":"2025-12-18T12:01:03.586074Z","uri":"firebase-fullserver--trexbina-server.asia-southeast1.hosted.app","managedResources":[{"runService":{"service":"projects/209910525004/locations/asia-southeast1/services/firebase-fullserver"}}],"codebase":{"repository":"projects/trexbina-server/locations/asia-southeast1/connections/apphosting-github-conn-qljqgzo/gitRepositoryLinks/trexbina2-git-test-2","rootDirectory":"/"},"uid":"7b140406-4201-4a39-85ab-83bdd0d94298","etag":"av8fGu63Bv7vmc7L0y-cqg4l_JVhDk3dOb8CjrL1rzU","reconciling":false,"servingLocality":"GLOBAL_ACCESS","serviceAccount":"firebase-app-hosting-compute@trexbina-server.iam.gserviceaccount.com","appId":"1:209910525004:web:4eafd1f7c154a62f7058e9"}]}
